<?xml version="1.0" encoding="UTF-8"?>
<!-- Generated by org.testng.reporters.JUnitReportReporter -->
<testsuite hostname="DESKTOP-B7K6OT8" failures="0" tests="1" name="sele1.sample.NewTest1" time="0.001" errors="0" timestamp="05 May 2019 16:45:02 GMT" skipped="0">
  <testcase classname="sele1.sample.NewTest1" name="f" time="0.001"/>
</testsuite> <!-- sele1.sample.NewTest1 -->
