<?xml version="1.0" encoding="UTF-8"?>
<!-- Generated by org.testng.reporters.JUnitReportReporter -->
<testsuite hostname="DESKTOP-B7K6OT8" failures="0" tests="1" name="sele1.sample.NewTest" time="0.014" errors="0" timestamp="05 May 2019 11:46:52 GMT" skipped="0">
  <testcase classname="sele1.sample.NewTest" name="f" time="0.014"/>
</testsuite> <!-- sele1.sample.NewTest -->
